Pptips/app/mapping.txt
com.ppamy.pptips.ActivityBase -> com.ppamy.pptips.ActivityBase:
    9:9:void <init>() -> <init>
    13:14:void onCreate(android.os.Bundle) -> onCreate
    18:19:void onStop() -> onStop
    23:24:void onResume() -> onResume
    28:29:void onDestroy() -> onDestroy
com.ppamy.pptips.BgService -> com.ppamy.pptips.BgService:
    boolean isAdded -> a
    android.view.WindowManager wm -> b
    android.view.WindowManager$LayoutParams params -> c
    android.view.View floatView -> d
    float startX -> e
    float startY -> f
    android.content.ClipboardManager mClipboardManager -> g
    com.ppamy.pptips.BgService$UiHandler mUiHandler -> h
    29:85:void <init>() -> <init>
    107:125:void onCreate() -> onCreate
    129:129:int onStartCommand(android.content.Intent,int,int) -> onStartCommand
    135:135:android.os.IBinder onBind(android.content.Intent) -> onBind
    140:141:void onDestroy() -> onDestroy
    148:221:void createFloatView() -> a
    228:252:void setupCellView(android.view.View) -> a
    29:29:android.view.View access$000(com.ppamy.pptips.BgService) -> a
    29:29:android.view.WindowManager access$100() -> b
    29:29:android.content.ClipboardManager access$200(com.ppamy.pptips.BgService) -> b
    29:29:com.ppamy.pptips.BgService$UiHandler access$300(com.ppamy.pptips.BgService) -> c
    34:34:void <clinit>() -> <clinit>
com.ppamy.pptips.BgService$1 -> contacts.ew:
    com.ppamy.pptips.BgService this$0 -> a
    111:111:void <init>(com.ppamy.pptips.BgService) -> <init>
    114:123:void onPrimaryClipChanged() -> onPrimaryClipChanged
com.ppamy.pptips.BgService$2 -> contacts.ex:
    com.ppamy.pptips.BgService this$0 -> a
    185:185:void <init>(com.ppamy.pptips.BgService) -> <init>
    207:215:boolean onTouch(android.view.View,android.view.MotionEvent) -> onTouch
com.ppamy.pptips.BgService$3 -> contacts.ey:
    com.ppamy.pptips.BgService this$0 -> a
    231:231:void <init>(com.ppamy.pptips.BgService) -> <init>
    235:239:void onClick(android.view.View) -> onClick
com.ppamy.pptips.BgService$UiHandler -> contacts.ez:
    java.lang.ref.WeakReference bgService -> a
    59:61:void <init>(com.ppamy.pptips.BgService) -> <init>
    65:82:void handleMessage(android.os.Message) -> handleMessage
com.ppamy.pptips.FragmentBase -> com.ppamy.pptips.FragmentBase:
    com.ppamy.pptips.FragmentBase$SelectedFragmentInterface mSelectedFragmentInterface -> a
    6:35:void <init>() -> <init>
    15:21:void onCreate(android.os.Bundle) -> onCreate
    25:27:void onStart() -> onStart
    31:33:void onDetach() -> onDetach
com.ppamy.pptips.FragmentBase$SelectedFragmentInterface -> contacts.fa:
    void setSelectedFragment(com.ppamy.pptips.FragmentBase) -> a
com.ppamy.pptips.MainActivity -> com.ppamy.pptips.MainActivity:
    android.support.v4.widget.DrawerLayout mDrawerLayout -> a
    android.support.v7.app.ActionBarDrawerToggle mDrawerToggle -> b
    android.support.v7.widget.Toolbar mToolbar -> c
    android.support.design.widget.NavigationView mNavigationView -> d
    com.ppamy.pptips.FragmentBase selectedFragment -> e
    android.view.View mOperView -> f
    long exitTime -> g
    21:29:void <init>() -> <init>
    33:67:void onCreate(android.os.Bundle) -> onCreate
    71:72:void onResume() -> onResume
    75:78:void hideOperViews() -> b
    80:83:void showOperViews() -> c
    86:107:void setupDrawerContent(android.support.design.widget.NavigationView) -> a
    113:115:void gotoMainFragment() -> d
    118:124:void gotoAddNewItem() -> e
    127:130:void gotoAllItem() -> f
    137:143:void doExitApp() -> a
    147:159:void onBackPressed() -> onBackPressed
    163:164:void setSelectedFragment(com.ppamy.pptips.FragmentBase) -> a
    21:21:void access$000(com.ppamy.pptips.MainActivity) -> a
    21:21:void access$100(com.ppamy.pptips.MainActivity) -> b
    21:21:android.support.v4.widget.DrawerLayout access$200(com.ppamy.pptips.MainActivity) -> c
...
com.db.chart.view.BarChartView -> com.db.chart.view.BarChartView:
    41:45:void <init>(android.content.Context,android.util.AttributeSet) -> <init>
    49:53:void <init>(android.content.Context) -> <init>
    66:128:void onDrawChart(android.graphics.Canvas,java.util.ArrayList) -> onDrawChart
    142:153:void onPreDrawChart(java.util.ArrayList) -> onPreDrawChart
    172:214:java.util.ArrayList defineRegions(java.util.ArrayList) -> defineRegions
com.db.chart.view.BaseBarChartView -> com.db.chart.view.BaseBarChartView:
    float drawingOffset -> a
    com.db.chart.view.BaseBarChartView$Style style -> b
    float barWidth -> c
    56:61:void <init>(android.content.Context,android.util.AttributeSet) -> <init>
    65:68:void <init>(android.content.Context) -> <init>
    74:76:void onAttachedToWindow() -> onAttachedToWindow
    81:83:void onDetachedFromWindow() -> onDetachedFromWindow
    95:95:void onDrawChart(android.graphics.Canvas,java.util.ArrayList) -> onDrawChart
    110:113:void drawBar(android.graphics.Canvas,float,float,float,float) -> a
    128:131:void drawBarBackground(android.graphics.Canvas,float,float,float,float) -> b
    143:144:void calculateBarsWidth(int,float,float) -> a
    156:160:void calculatePositionOffset(int) -> a
    165:167:void reset() -> reset
    183:184:void setBarSpacing(float) -> setBarSpacing
    193:194:void setSetSpacing(float) -> setSetSpacing
    204:208:void setBarBackgroundColor(int) -> setBarBackgroundColor
    217:218:void setRoundCorners(float) -> setRoundCorners
com.db.chart.view.BaseBarChartView$Style -> contacts.ef:
    android.graphics.Paint barPaint -> a
    float barSpacing -> b
    float setSpacing -> c
    android.graphics.Paint barBackgroundPaint -> d
    int mBarBackgroundColor -> h
    boolean hasBarBackground -> e
    float cornerRadius -> f
    com.db.chart.view.BaseBarChartView this$0 -> g
    253:260:void <init>(com.db.chart.view.BaseBarChartView) -> <init>
    263:272:void <init>(com.db.chart.view.BaseBarChartView,android.content.res.TypedArray) -> <init>
    278:284:void init() -> a
    289:291:void clean() -> b
    228:228:void access$000(com.db.chart.view.BaseBarChartView$Style) -> a
    228:228:void access$100(com.db.chart.view.BaseBarChartView$Style) -> b
    228:228:int access$202(com.db.chart.view.BaseBarChartView$Style,int) -> a
    228:228:int access$200(com.db.chart.view.BaseBarChartView$Style) -> c
com.db.chart.view.BaseStackBarChartView -> com.db.chart.view.BaseStackBarChartView:
    boolean mCalcMaxValue -> h
    41:44:void <init>(android.content.Context,android.util.AttributeSet) -> <init>
    48:51:void <init>(android.content.Context) -> <init>
    64:65:void calculateBarsWidth(int,float,float) -> a
    78:100:int discoverBottomSet(int,java.util.ArrayList) -> a
    114:135:int discoverTopSet(int,java.util.ArrayList) -> b
    150:183:void calculateMaxStackBarValue() -> h
    195:196:com.db.chart.view.ChartView setAxisBorderValues(int,int,int) -> setAxisBorderValues
    203:206:void show() -> show